2024-11-20T01:15:18.711Z [INFO]: Starting Nest application...
2024-11-20T01:15:18.730Z [INFO]: AppModule dependencies initialized
2024-11-20T01:15:18.733Z [INFO]: PrismaModule dependencies initialized
2024-11-20T01:15:18.739Z [INFO]: JwtModule dependencies initialized
2024-11-20T01:15:18.739Z [INFO]: ConfigHostModule dependencies initialized
2024-11-20T01:15:18.740Z [INFO]: ConsumptionModule dependencies initialized
2024-11-20T01:15:18.741Z [INFO]: LogsModule dependencies initialized
2024-11-20T01:15:18.741Z [INFO]: StatisticsModule dependencies initialized
2024-11-20T01:15:18.741Z [INFO]: UserModule dependencies initialized
2024-11-20T01:15:18.742Z [INFO]: ConfigModule dependencies initialized
2024-11-20T01:15:18.742Z [INFO]: ConfigModule dependencies initialized
2024-11-20T01:15:18.743Z [INFO]: JwtModule dependencies initialized
2024-11-20T01:15:18.743Z [INFO]: FoodModule dependencies initialized
2024-11-20T01:15:18.744Z [INFO]: AuthModule dependencies initialized
2024-11-20T01:15:18.772Z [INFO]: AuthController {/api/auth}:
2024-11-20T01:15:18.774Z [INFO]: Mapped {/api/auth/register, POST} route
2024-11-20T01:15:18.774Z [INFO]: Mapped {/api/auth/login, POST} route
2024-11-20T01:15:18.775Z [INFO]: Mapped {/api/auth/refresh, POST} route
2024-11-20T01:15:18.775Z [INFO]: ConsumptionController {/api/consumptions}:
2024-11-20T01:15:18.775Z [INFO]: Mapped {/api/consumptions, GET} route
2024-11-20T01:15:18.776Z [INFO]: Mapped {/api/consumptions/:id, GET} route
2024-11-20T01:15:18.776Z [INFO]: Mapped {/api/consumptions, POST} route
2024-11-20T01:15:18.776Z [INFO]: Mapped {/api/consumptions/:id, PATCH} route
2024-11-20T01:15:18.777Z [INFO]: Mapped {/api/consumptions/:id, DELETE} route
2024-11-20T01:15:18.777Z [INFO]: FoodController {/api/foods}:
2024-11-20T01:15:18.777Z [INFO]: Mapped {/api/foods, GET} route
2024-11-20T01:15:18.778Z [INFO]: Mapped {/api/foods/:id, GET} route
2024-11-20T01:15:18.778Z [INFO]: Mapped {/api/foods, POST} route
2024-11-20T01:15:18.778Z [INFO]: Mapped {/api/foods/:id, PATCH} route
2024-11-20T01:15:18.778Z [INFO]: Mapped {/api/foods/:id, DELETE} route
2024-11-20T01:15:18.779Z [INFO]: LogsController {/api/logs}:
2024-11-20T01:15:18.779Z [INFO]: Mapped {/api/logs, POST} route
2024-11-20T01:15:18.779Z [INFO]: StatisticsController {/api/statistics}:
2024-11-20T01:15:18.779Z [INFO]: Mapped {/api/statistics, GET} route
2024-11-20T01:15:18.779Z [INFO]: UsersController {/api/users}:
2024-11-20T01:15:18.780Z [INFO]: Mapped {/api/users/info, GET} route
2024-11-20T01:15:18.780Z [INFO]: Mapped {/api/users, POST} route
2024-11-20T01:15:18.780Z [INFO]: Mapped {/api/users, PATCH} route
2024-11-20T01:15:18.918Z [INFO]: Nest application successfully started
2024-11-20T01:16:48.533Z [INFO]: Starting Nest application...
2024-11-20T01:16:48.562Z [INFO]: AppModule dependencies initialized
2024-11-20T01:16:48.566Z [INFO]: PrismaModule dependencies initialized
2024-11-20T01:16:48.571Z [INFO]: JwtModule dependencies initialized
2024-11-20T01:16:48.576Z [INFO]: ConfigHostModule dependencies initialized
2024-11-20T01:16:48.578Z [INFO]: ConsumptionModule dependencies initialized
2024-11-20T01:16:48.579Z [INFO]: LogsModule dependencies initialized
2024-11-20T01:16:48.579Z [INFO]: StatisticsModule dependencies initialized
2024-11-20T01:16:48.580Z [INFO]: UserModule dependencies initialized
2024-11-20T01:16:48.581Z [INFO]: ConfigModule dependencies initialized
2024-11-20T01:16:48.581Z [INFO]: ConfigModule dependencies initialized
2024-11-20T01:16:48.583Z [INFO]: JwtModule dependencies initialized
2024-11-20T01:16:48.583Z [INFO]: FoodModule dependencies initialized
2024-11-20T01:16:48.584Z [INFO]: AuthModule dependencies initialized
2024-11-20T01:16:48.614Z [INFO]: AuthController {/api/auth}:
2024-11-20T01:16:48.616Z [INFO]: Mapped {/api/auth/register, POST} route
2024-11-20T01:16:48.617Z [INFO]: Mapped {/api/auth/login, POST} route
2024-11-20T01:16:48.618Z [INFO]: Mapped {/api/auth/refresh, POST} route
2024-11-20T01:16:48.619Z [INFO]: ConsumptionController {/api/consumptions}:
2024-11-20T01:16:48.619Z [INFO]: Mapped {/api/consumptions, GET} route
2024-11-20T01:16:48.620Z [INFO]: Mapped {/api/consumptions/:id, GET} route
2024-11-20T01:16:48.620Z [INFO]: Mapped {/api/consumptions, POST} route
2024-11-20T01:16:48.621Z [INFO]: Mapped {/api/consumptions/:id, PATCH} route
2024-11-20T01:16:48.621Z [INFO]: Mapped {/api/consumptions/:id, DELETE} route
2024-11-20T01:16:48.622Z [INFO]: FoodController {/api/foods}:
2024-11-20T01:16:48.623Z [INFO]: Mapped {/api/foods, GET} route
2024-11-20T01:16:48.623Z [INFO]: Mapped {/api/foods/:id, GET} route
2024-11-20T01:16:48.624Z [INFO]: Mapped {/api/foods, POST} route
2024-11-20T01:16:48.624Z [INFO]: Mapped {/api/foods/:id, PATCH} route
2024-11-20T01:16:48.624Z [INFO]: Mapped {/api/foods/:id, DELETE} route
2024-11-20T01:16:48.625Z [INFO]: LogsController {/api/logs}:
2024-11-20T01:16:48.625Z [INFO]: Mapped {/api/logs, POST} route
2024-11-20T01:16:48.625Z [INFO]: StatisticsController {/api/statistics}:
2024-11-20T01:16:48.626Z [INFO]: Mapped {/api/statistics, GET} route
2024-11-20T01:16:48.626Z [INFO]: UsersController {/api/users}:
2024-11-20T01:16:48.626Z [INFO]: Mapped {/api/users/info, GET} route
2024-11-20T01:16:48.627Z [INFO]: Mapped {/api/users, POST} route
2024-11-20T01:16:48.628Z [INFO]: Mapped {/api/users, PATCH} route
2024-11-20T01:16:48.785Z [INFO]: Nest application successfully started
2024-11-20T01:18:13.904Z [ERROR]: Test error for GlobalErrorHandler
2024-11-20T01:19:46.019Z [INFO]: Starting Nest application...
2024-11-20T01:19:46.046Z [INFO]: AppModule dependencies initialized
2024-11-20T01:19:46.049Z [INFO]: PrismaModule dependencies initialized
2024-11-20T01:19:46.054Z [INFO]: JwtModule dependencies initialized
2024-11-20T01:19:46.056Z [INFO]: ConfigHostModule dependencies initialized
2024-11-20T01:19:46.062Z [INFO]: ConsumptionModule dependencies initialized
2024-11-20T01:19:46.062Z [INFO]: LogsModule dependencies initialized
2024-11-20T01:19:46.063Z [INFO]: StatisticsModule dependencies initialized
2024-11-20T01:19:46.063Z [INFO]: UserModule dependencies initialized
2024-11-20T01:19:46.064Z [INFO]: ConfigModule dependencies initialized
2024-11-20T01:19:46.065Z [INFO]: ConfigModule dependencies initialized
2024-11-20T01:19:46.066Z [INFO]: JwtModule dependencies initialized
2024-11-20T01:19:46.067Z [INFO]: FoodModule dependencies initialized
2024-11-20T01:19:46.067Z [INFO]: AuthModule dependencies initialized
2024-11-20T01:19:46.094Z [INFO]: AuthController {/api/auth}:
2024-11-20T01:19:46.096Z [INFO]: Mapped {/api/auth/register, POST} route
2024-11-20T01:19:46.097Z [INFO]: Mapped {/api/auth/login, POST} route
2024-11-20T01:19:46.097Z [INFO]: Mapped {/api/auth/refresh, POST} route
2024-11-20T01:19:46.098Z [INFO]: ConsumptionController {/api/consumptions}:
2024-11-20T01:19:46.098Z [INFO]: Mapped {/api/consumptions, GET} route
2024-11-20T01:19:46.099Z [INFO]: Mapped {/api/consumptions/:id, GET} route
2024-11-20T01:19:46.099Z [INFO]: Mapped {/api/consumptions, POST} route
2024-11-20T01:19:46.099Z [INFO]: Mapped {/api/consumptions/:id, PATCH} route
2024-11-20T01:19:46.100Z [INFO]: Mapped {/api/consumptions/:id, DELETE} route
2024-11-20T01:19:46.100Z [INFO]: FoodController {/api/foods}:
2024-11-20T01:19:46.101Z [INFO]: Mapped {/api/foods, GET} route
2024-11-20T01:19:46.101Z [INFO]: Mapped {/api/foods/:id, GET} route
2024-11-20T01:19:46.101Z [INFO]: Mapped {/api/foods, POST} route
2024-11-20T01:19:46.102Z [INFO]: Mapped {/api/foods/:id, PATCH} route
2024-11-20T01:19:46.102Z [INFO]: Mapped {/api/foods/:id, DELETE} route
2024-11-20T01:19:46.102Z [INFO]: LogsController {/api/logs}:
2024-11-20T01:19:46.103Z [INFO]: Mapped {/api/logs, POST} route
2024-11-20T01:19:46.103Z [INFO]: StatisticsController {/api/statistics}:
2024-11-20T01:19:46.103Z [INFO]: Mapped {/api/statistics, GET} route
2024-11-20T01:19:46.104Z [INFO]: UsersController {/api/users}:
2024-11-20T01:19:46.104Z [INFO]: Mapped {/api/users/info, GET} route
2024-11-20T01:19:46.105Z [INFO]: Mapped {/api/users, POST} route
2024-11-20T01:19:46.105Z [INFO]: Mapped {/api/users, PATCH} route
2024-11-20T01:19:46.231Z [INFO]: Nest application successfully started
2024-11-20T01:19:51.041Z [INFO]: Starting Nest application...
2024-11-20T01:19:51.068Z [INFO]: AppModule dependencies initialized
2024-11-20T01:19:51.071Z [INFO]: PrismaModule dependencies initialized
2024-11-20T01:19:51.076Z [INFO]: JwtModule dependencies initialized
2024-11-20T01:19:51.078Z [INFO]: ConfigHostModule dependencies initialized
2024-11-20T01:19:51.082Z [INFO]: ConsumptionModule dependencies initialized
2024-11-20T01:19:51.083Z [INFO]: LogsModule dependencies initialized
2024-11-20T01:19:51.083Z [INFO]: StatisticsModule dependencies initialized
2024-11-20T01:19:51.083Z [INFO]: UserModule dependencies initialized
2024-11-20T01:19:51.084Z [INFO]: ConfigModule dependencies initialized
2024-11-20T01:19:51.084Z [INFO]: ConfigModule dependencies initialized
2024-11-20T01:19:51.086Z [INFO]: JwtModule dependencies initialized
2024-11-20T01:19:51.086Z [INFO]: FoodModule dependencies initialized
2024-11-20T01:19:51.087Z [INFO]: AuthModule dependencies initialized
2024-11-20T01:19:51.112Z [INFO]: AuthController {/api/auth}:
2024-11-20T01:19:51.114Z [INFO]: Mapped {/api/auth/register, POST} route
2024-11-20T01:19:51.115Z [INFO]: Mapped {/api/auth/login, POST} route
2024-11-20T01:19:51.115Z [INFO]: Mapped {/api/auth/refresh, POST} route
2024-11-20T01:19:51.116Z [INFO]: ConsumptionController {/api/consumptions}:
2024-11-20T01:19:51.117Z [INFO]: Mapped {/api/consumptions, GET} route
2024-11-20T01:19:51.117Z [INFO]: Mapped {/api/consumptions/:id, GET} route
2024-11-20T01:19:51.118Z [INFO]: Mapped {/api/consumptions, POST} route
2024-11-20T01:19:51.118Z [INFO]: Mapped {/api/consumptions/:id, PATCH} route
2024-11-20T01:19:51.118Z [INFO]: Mapped {/api/consumptions/:id, DELETE} route
2024-11-20T01:19:51.119Z [INFO]: FoodController {/api/foods}:
2024-11-20T01:19:51.119Z [INFO]: Mapped {/api/foods, GET} route
2024-11-20T01:19:51.120Z [INFO]: Mapped {/api/foods/:id, GET} route
2024-11-20T01:19:51.120Z [INFO]: Mapped {/api/foods, POST} route
2024-11-20T01:19:51.121Z [INFO]: Mapped {/api/foods/:id, PATCH} route
2024-11-20T01:19:51.121Z [INFO]: Mapped {/api/foods/:id, DELETE} route
2024-11-20T01:19:51.121Z [INFO]: LogsController {/api/logs}:
2024-11-20T01:19:51.122Z [INFO]: Mapped {/api/logs, POST} route
2024-11-20T01:19:51.122Z [INFO]: StatisticsController {/api/statistics}:
2024-11-20T01:19:51.122Z [INFO]: Mapped {/api/statistics, GET} route
2024-11-20T01:19:51.122Z [INFO]: UsersController {/api/users}:
2024-11-20T01:19:51.123Z [INFO]: Mapped {/api/users/info, GET} route
2024-11-20T01:19:51.123Z [INFO]: Mapped {/api/users, POST} route
2024-11-20T01:19:51.123Z [INFO]: Mapped {/api/users, PATCH} route
2024-11-20T01:19:51.268Z [INFO]: Nest application successfully started
2024-11-20T01:20:04.894Z [INFO]: Starting Nest application...
2024-11-20T01:20:04.926Z [INFO]: AppModule dependencies initialized
2024-11-20T01:20:04.929Z [INFO]: PrismaModule dependencies initialized
2024-11-20T01:20:04.934Z [INFO]: JwtModule dependencies initialized
2024-11-20T01:20:04.936Z [INFO]: ConfigHostModule dependencies initialized
2024-11-20T01:20:04.940Z [INFO]: ConsumptionModule dependencies initialized
2024-11-20T01:20:04.941Z [INFO]: LogsModule dependencies initialized
2024-11-20T01:20:04.941Z [INFO]: StatisticsModule dependencies initialized
2024-11-20T01:20:04.941Z [INFO]: UserModule dependencies initialized
2024-11-20T01:20:04.942Z [INFO]: ConfigModule dependencies initialized
2024-11-20T01:20:04.942Z [INFO]: ConfigModule dependencies initialized
2024-11-20T01:20:04.944Z [INFO]: JwtModule dependencies initialized
2024-11-20T01:20:04.944Z [INFO]: FoodModule dependencies initialized
2024-11-20T01:20:04.945Z [INFO]: AuthModule dependencies initialized
2024-11-20T01:20:04.971Z [INFO]: AuthController {/api/auth}:
2024-11-20T01:20:04.973Z [INFO]: Mapped {/api/auth/register, POST} route
2024-11-20T01:20:04.973Z [INFO]: Mapped {/api/auth/login, POST} route
2024-11-20T01:20:04.974Z [INFO]: Mapped {/api/auth/refresh, POST} route
2024-11-20T01:20:04.974Z [INFO]: ConsumptionController {/api/consumptions}:
2024-11-20T01:20:04.974Z [INFO]: Mapped {/api/consumptions, GET} route
2024-11-20T01:20:04.975Z [INFO]: Mapped {/api/consumptions/:id, GET} route
2024-11-20T01:20:04.975Z [INFO]: Mapped {/api/consumptions, POST} route
2024-11-20T01:20:04.976Z [INFO]: Mapped {/api/consumptions/:id, PATCH} route
2024-11-20T01:20:04.976Z [INFO]: Mapped {/api/consumptions/:id, DELETE} route
2024-11-20T01:20:04.976Z [INFO]: FoodController {/api/foods}:
2024-11-20T01:20:04.977Z [INFO]: Mapped {/api/foods, GET} route
2024-11-20T01:20:04.977Z [INFO]: Mapped {/api/foods/:id, GET} route
2024-11-20T01:20:04.978Z [INFO]: Mapped {/api/foods, POST} route
2024-11-20T01:20:04.978Z [INFO]: Mapped {/api/foods/:id, PATCH} route
2024-11-20T01:20:04.978Z [INFO]: Mapped {/api/foods/:id, DELETE} route
2024-11-20T01:20:04.979Z [INFO]: LogsController {/api/logs}:
2024-11-20T01:20:04.979Z [INFO]: Mapped {/api/logs, POST} route
2024-11-20T01:20:04.980Z [INFO]: StatisticsController {/api/statistics}:
2024-11-20T01:20:04.980Z [INFO]: Mapped {/api/statistics, GET} route
2024-11-20T01:20:04.980Z [INFO]: UsersController {/api/users}:
2024-11-20T01:20:04.980Z [INFO]: Mapped {/api/users/info, GET} route
2024-11-20T01:20:04.981Z [INFO]: Mapped {/api/users, POST} route
2024-11-20T01:20:04.981Z [INFO]: Mapped {/api/users, PATCH} route
2024-11-20T01:20:05.257Z [INFO]: Nest application successfully started
2024-11-20T01:20:42.204Z [INFO]: Starting Nest application...
2024-11-20T01:20:42.233Z [INFO]: AppModule dependencies initialized
2024-11-20T01:20:42.235Z [INFO]: PrismaModule dependencies initialized
2024-11-20T01:20:42.240Z [INFO]: JwtModule dependencies initialized
2024-11-20T01:20:42.242Z [INFO]: ConfigHostModule dependencies initialized
2024-11-20T01:20:42.246Z [INFO]: ConsumptionModule dependencies initialized
2024-11-20T01:20:42.247Z [INFO]: LogsModule dependencies initialized
2024-11-20T01:20:42.247Z [INFO]: StatisticsModule dependencies initialized
2024-11-20T01:20:42.248Z [INFO]: UserModule dependencies initialized
2024-11-20T01:20:42.249Z [INFO]: ConfigModule dependencies initialized
2024-11-20T01:20:42.249Z [INFO]: ConfigModule dependencies initialized
2024-11-20T01:20:42.251Z [INFO]: JwtModule dependencies initialized
2024-11-20T01:20:42.251Z [INFO]: FoodModule dependencies initialized
2024-11-20T01:20:42.252Z [INFO]: AuthModule dependencies initialized
2024-11-20T01:20:42.278Z [INFO]: AuthController {/api/auth}:
2024-11-20T01:20:42.280Z [INFO]: Mapped {/api/auth/register, POST} route
2024-11-20T01:20:42.280Z [INFO]: Mapped {/api/auth/login, POST} route
2024-11-20T01:20:42.281Z [INFO]: Mapped {/api/auth/refresh, POST} route
2024-11-20T01:20:42.281Z [INFO]: ConsumptionController {/api/consumptions}:
2024-11-20T01:20:42.282Z [INFO]: Mapped {/api/consumptions, GET} route
2024-11-20T01:20:42.282Z [INFO]: Mapped {/api/consumptions/:id, GET} route
2024-11-20T01:20:42.283Z [INFO]: Mapped {/api/consumptions, POST} route
2024-11-20T01:20:42.283Z [INFO]: Mapped {/api/consumptions/:id, PATCH} route
2024-11-20T01:20:42.283Z [INFO]: Mapped {/api/consumptions/:id, DELETE} route
2024-11-20T01:20:42.283Z [INFO]: FoodController {/api/foods}:
2024-11-20T01:20:42.284Z [INFO]: Mapped {/api/foods, GET} route
2024-11-20T01:20:42.285Z [INFO]: Mapped {/api/foods/:id, GET} route
2024-11-20T01:20:42.285Z [INFO]: Mapped {/api/foods, POST} route
2024-11-20T01:20:42.285Z [INFO]: Mapped {/api/foods/:id, PATCH} route
2024-11-20T01:20:42.286Z [INFO]: Mapped {/api/foods/:id, DELETE} route
2024-11-20T01:20:42.286Z [INFO]: LogsController {/api/logs}:
2024-11-20T01:20:42.286Z [INFO]: Mapped {/api/logs, POST} route
2024-11-20T01:20:42.287Z [INFO]: StatisticsController {/api/statistics}:
2024-11-20T01:20:42.287Z [INFO]: Mapped {/api/statistics, GET} route
2024-11-20T01:20:42.287Z [INFO]: UsersController {/api/users}:
2024-11-20T01:20:42.288Z [INFO]: Mapped {/api/users/info, GET} route
2024-11-20T01:20:42.288Z [INFO]: Mapped {/api/users, POST} route
2024-11-20T01:20:42.288Z [INFO]: Mapped {/api/users, PATCH} route
2024-11-20T01:20:42.426Z [INFO]: Nest application successfully started
2024-11-20T01:20:44.683Z [ERROR]: [Frontend] Test error for GlobalErrorHandler
2024-11-20T01:22:07.196Z [ERROR]: [Frontend] Test error for GlobalErrorHandler
2024-11-20T01:26:05.723Z [INFO]: Starting Nest application...
2024-11-20T01:26:05.754Z [INFO]: AppModule dependencies initialized
2024-11-20T01:26:05.756Z [INFO]: PrismaModule dependencies initialized
2024-11-20T01:26:05.762Z [INFO]: JwtModule dependencies initialized
2024-11-20T01:26:05.765Z [INFO]: ConfigHostModule dependencies initialized
2024-11-20T01:26:05.767Z [INFO]: ConsumptionModule dependencies initialized
2024-11-20T01:26:05.768Z [INFO]: LogsModule dependencies initialized
2024-11-20T01:26:05.768Z [INFO]: StatisticsModule dependencies initialized
2024-11-20T01:26:05.769Z [INFO]: UserModule dependencies initialized
2024-11-20T01:26:05.769Z [INFO]: ConfigModule dependencies initialized
2024-11-20T01:26:05.770Z [INFO]: ConfigModule dependencies initialized
2024-11-20T01:26:05.771Z [INFO]: JwtModule dependencies initialized
2024-11-20T01:26:05.772Z [INFO]: FoodModule dependencies initialized
2024-11-20T01:26:05.772Z [INFO]: AuthModule dependencies initialized
2024-11-20T01:26:05.797Z [INFO]: AuthController {/api/auth}:
2024-11-20T01:26:05.799Z [INFO]: Mapped {/api/auth/register, POST} route
2024-11-20T01:26:05.800Z [INFO]: Mapped {/api/auth/login, POST} route
2024-11-20T01:26:05.801Z [INFO]: Mapped {/api/auth/refresh, POST} route
2024-11-20T01:26:05.801Z [INFO]: ConsumptionController {/api/consumptions}:
2024-11-20T01:26:05.802Z [INFO]: Mapped {/api/consumptions, GET} route
2024-11-20T01:26:05.802Z [INFO]: Mapped {/api/consumptions/:id, GET} route
2024-11-20T01:26:05.802Z [INFO]: Mapped {/api/consumptions, POST} route
2024-11-20T01:26:05.803Z [INFO]: Mapped {/api/consumptions/:id, PATCH} route
2024-11-20T01:26:05.803Z [INFO]: Mapped {/api/consumptions/:id, DELETE} route
2024-11-20T01:26:05.803Z [INFO]: FoodController {/api/foods}:
2024-11-20T01:26:05.804Z [INFO]: Mapped {/api/foods, GET} route
2024-11-20T01:26:05.805Z [INFO]: Mapped {/api/foods/:id, GET} route
2024-11-20T01:26:05.805Z [INFO]: Mapped {/api/foods, POST} route
2024-11-20T01:26:05.805Z [INFO]: Mapped {/api/foods/:id, PATCH} route
2024-11-20T01:26:05.806Z [INFO]: Mapped {/api/foods/:id, DELETE} route
2024-11-20T01:26:05.806Z [INFO]: LogsController {/api/logs}:
2024-11-20T01:26:05.806Z [INFO]: Mapped {/api/logs, POST} route
2024-11-20T01:26:05.807Z [INFO]: StatisticsController {/api/statistics}:
2024-11-20T01:26:05.807Z [INFO]: Mapped {/api/statistics, GET} route
2024-11-20T01:26:05.807Z [INFO]: UsersController {/api/users}:
2024-11-20T01:26:05.808Z [INFO]: Mapped {/api/users/info, GET} route
2024-11-20T01:26:05.808Z [INFO]: Mapped {/api/users, POST} route
2024-11-20T01:26:05.808Z [INFO]: Mapped {/api/users, PATCH} route
2024-11-20T01:26:05.941Z [INFO]: Nest application successfully started
2024-11-20T01:26:10.241Z [INFO]: Starting Nest application...
2024-11-20T01:26:10.267Z [INFO]: AppModule dependencies initialized
2024-11-20T01:26:10.270Z [INFO]: PrismaModule dependencies initialized
2024-11-20T01:26:10.275Z [INFO]: JwtModule dependencies initialized
2024-11-20T01:26:10.276Z [INFO]: ConfigHostModule dependencies initialized
2024-11-20T01:26:10.278Z [INFO]: ConsumptionModule dependencies initialized
2024-11-20T01:26:10.278Z [INFO]: LogsModule dependencies initialized
2024-11-20T01:26:10.279Z [INFO]: StatisticsModule dependencies initialized
2024-11-20T01:26:10.279Z [INFO]: UserModule dependencies initialized
2024-11-20T01:26:10.280Z [INFO]: ConfigModule dependencies initialized
2024-11-20T01:26:10.280Z [INFO]: ConfigModule dependencies initialized
2024-11-20T01:26:10.282Z [INFO]: JwtModule dependencies initialized
2024-11-20T01:26:10.283Z [INFO]: FoodModule dependencies initialized
2024-11-20T01:26:10.286Z [INFO]: AuthModule dependencies initialized
2024-11-20T01:26:10.310Z [INFO]: AuthController {/api/auth}:
2024-11-20T01:26:10.313Z [INFO]: Mapped {/api/auth/register, POST} route
2024-11-20T01:26:10.313Z [INFO]: Mapped {/api/auth/login, POST} route
2024-11-20T01:26:10.314Z [INFO]: Mapped {/api/auth/refresh, POST} route
2024-11-20T01:26:10.314Z [INFO]: ConsumptionController {/api/consumptions}:
2024-11-20T01:26:10.315Z [INFO]: Mapped {/api/consumptions, GET} route
2024-11-20T01:26:10.316Z [INFO]: Mapped {/api/consumptions/:id, GET} route
2024-11-20T01:26:10.316Z [INFO]: Mapped {/api/consumptions, POST} route
2024-11-20T01:26:10.317Z [INFO]: Mapped {/api/consumptions/:id, PATCH} route
2024-11-20T01:26:10.317Z [INFO]: Mapped {/api/consumptions/:id, DELETE} route
2024-11-20T01:26:10.317Z [INFO]: FoodController {/api/foods}:
2024-11-20T01:26:10.318Z [INFO]: Mapped {/api/foods, GET} route
2024-11-20T01:26:10.319Z [INFO]: Mapped {/api/foods/:id, GET} route
2024-11-20T01:26:10.319Z [INFO]: Mapped {/api/foods, POST} route
2024-11-20T01:26:10.320Z [INFO]: Mapped {/api/foods/:id, PATCH} route
2024-11-20T01:26:10.320Z [INFO]: Mapped {/api/foods/:id, DELETE} route
2024-11-20T01:26:10.320Z [INFO]: LogsController {/api/logs}:
2024-11-20T01:26:10.321Z [INFO]: Mapped {/api/logs, POST} route
2024-11-20T01:26:10.321Z [INFO]: StatisticsController {/api/statistics}:
2024-11-20T01:26:10.322Z [INFO]: Mapped {/api/statistics, GET} route
2024-11-20T01:26:10.322Z [INFO]: UsersController {/api/users}:
2024-11-20T01:26:10.322Z [INFO]: Mapped {/api/users/info, GET} route
2024-11-20T01:26:10.323Z [INFO]: Mapped {/api/users, POST} route
2024-11-20T01:26:10.323Z [INFO]: Mapped {/api/users, PATCH} route
2024-11-20T01:26:10.496Z [INFO]: Nest application successfully started
2024-11-20T01:43:33.669Z [INFO]: Starting Nest application...
2024-11-20T01:43:33.693Z [INFO]: AppModule dependencies initialized
2024-11-20T01:43:33.696Z [INFO]: PrismaModule dependencies initialized
2024-11-20T01:43:33.701Z [INFO]: JwtModule dependencies initialized
2024-11-20T01:43:33.702Z [INFO]: ConfigHostModule dependencies initialized
2024-11-20T01:43:33.704Z [INFO]: ConsumptionModule dependencies initialized
2024-11-20T01:43:33.704Z [INFO]: LogsModule dependencies initialized
2024-11-20T01:43:33.705Z [INFO]: StatisticsModule dependencies initialized
2024-11-20T01:43:33.706Z [INFO]: UserModule dependencies initialized
2024-11-20T01:43:33.706Z [INFO]: ConfigModule dependencies initialized
2024-11-20T01:43:33.707Z [INFO]: ConfigModule dependencies initialized
2024-11-20T01:43:33.708Z [INFO]: JwtModule dependencies initialized
2024-11-20T01:43:33.709Z [INFO]: FoodModule dependencies initialized
2024-11-20T01:43:33.712Z [INFO]: AuthModule dependencies initialized
2024-11-20T01:43:33.734Z [INFO]: AuthController {/api/auth}:
2024-11-20T01:43:33.736Z [INFO]: Mapped {/api/auth/register, POST} route
2024-11-20T01:43:33.737Z [INFO]: Mapped {/api/auth/login, POST} route
2024-11-20T01:43:33.737Z [INFO]: Mapped {/api/auth/refresh, POST} route
2024-11-20T01:43:33.738Z [INFO]: ConsumptionController {/api/consumptions}:
2024-11-20T01:43:33.738Z [INFO]: Mapped {/api/consumptions, GET} route
2024-11-20T01:43:33.739Z [INFO]: Mapped {/api/consumptions/:id, GET} route
2024-11-20T01:43:33.739Z [INFO]: Mapped {/api/consumptions, POST} route
2024-11-20T01:43:33.739Z [INFO]: Mapped {/api/consumptions/:id, PATCH} route
2024-11-20T01:43:33.740Z [INFO]: Mapped {/api/consumptions/:id, DELETE} route
2024-11-20T01:43:33.740Z [INFO]: FoodController {/api/foods}:
2024-11-20T01:43:33.741Z [INFO]: Mapped {/api/foods, GET} route
2024-11-20T01:43:33.741Z [INFO]: Mapped {/api/foods/:id, GET} route
2024-11-20T01:43:33.741Z [INFO]: Mapped {/api/foods, POST} route
2024-11-20T01:43:33.742Z [INFO]: Mapped {/api/foods/:id, PATCH} route
2024-11-20T01:43:33.742Z [INFO]: Mapped {/api/foods/:id, DELETE} route
2024-11-20T01:43:33.742Z [INFO]: LogsController {/api/logs}:
2024-11-20T01:43:33.742Z [INFO]: Mapped {/api/logs, POST} route
2024-11-20T01:43:33.743Z [INFO]: StatisticsController {/api/statistics}:
2024-11-20T01:43:33.743Z [INFO]: Mapped {/api/statistics, GET} route
2024-11-20T01:43:33.743Z [INFO]: UsersController {/api/users}:
2024-11-20T01:43:33.743Z [INFO]: Mapped {/api/users/info, GET} route
2024-11-20T01:43:33.744Z [INFO]: Mapped {/api/users, POST} route
2024-11-20T01:43:33.744Z [INFO]: Mapped {/api/users, PATCH} route
2024-11-20T01:43:33.909Z [INFO]: Nest application successfully started
2024-11-20T02:20:28.168Z [INFO]: Starting Nest application...
2024-11-20T02:20:28.193Z [INFO]: AppModule dependencies initialized
2024-11-20T02:20:28.196Z [INFO]: PrismaModule dependencies initialized
2024-11-20T02:20:28.200Z [INFO]: JwtModule dependencies initialized
2024-11-20T02:20:28.202Z [INFO]: ConfigHostModule dependencies initialized
2024-11-20T02:20:28.203Z [INFO]: ConsumptionModule dependencies initialized
2024-11-20T02:20:28.206Z [INFO]: LogsModule dependencies initialized
2024-11-20T02:20:28.207Z [INFO]: StatisticsModule dependencies initialized
2024-11-20T02:20:28.207Z [INFO]: UserModule dependencies initialized
2024-11-20T02:20:28.208Z [INFO]: ConfigModule dependencies initialized
2024-11-20T02:20:28.208Z [INFO]: ConfigModule dependencies initialized
2024-11-20T02:20:28.210Z [INFO]: JwtModule dependencies initialized
2024-11-20T02:20:28.210Z [INFO]: FoodModule dependencies initialized
2024-11-20T02:20:28.210Z [INFO]: AuthModule dependencies initialized
2024-11-20T02:20:28.233Z [INFO]: AuthController {/api/auth}:
2024-11-20T02:20:28.235Z [INFO]: Mapped {/api/auth/register, POST} route
2024-11-20T02:20:28.235Z [INFO]: Mapped {/api/auth/login, POST} route
2024-11-20T02:20:28.236Z [INFO]: Mapped {/api/auth/refresh, POST} route
2024-11-20T02:20:28.236Z [INFO]: ConsumptionController {/api/consumptions}:
2024-11-20T02:20:28.237Z [INFO]: Mapped {/api/consumptions, GET} route
2024-11-20T02:20:28.237Z [INFO]: Mapped {/api/consumptions/:id, GET} route
2024-11-20T02:20:28.237Z [INFO]: Mapped {/api/consumptions, POST} route
2024-11-20T02:20:28.238Z [INFO]: Mapped {/api/consumptions/:id, PATCH} route
2024-11-20T02:20:28.238Z [INFO]: Mapped {/api/consumptions/:id, DELETE} route
2024-11-20T02:20:28.239Z [INFO]: FoodController {/api/foods}:
2024-11-20T02:20:28.239Z [INFO]: Mapped {/api/foods, GET} route
2024-11-20T02:20:28.240Z [INFO]: Mapped {/api/foods/:id, GET} route
2024-11-20T02:20:28.240Z [INFO]: Mapped {/api/foods, POST} route
2024-11-20T02:20:28.241Z [INFO]: Mapped {/api/foods/:id, PATCH} route
2024-11-20T02:20:28.241Z [INFO]: Mapped {/api/foods/:id, DELETE} route
2024-11-20T02:20:28.242Z [INFO]: LogsController {/api/logs}:
2024-11-20T02:20:28.242Z [INFO]: Mapped {/api/logs, POST} route
2024-11-20T02:20:28.242Z [INFO]: StatisticsController {/api/statistics}:
2024-11-20T02:20:28.243Z [INFO]: Mapped {/api/statistics, GET} route
2024-11-20T02:20:28.243Z [INFO]: UsersController {/api/users}:
2024-11-20T02:20:28.243Z [INFO]: Mapped {/api/users/info, GET} route
2024-11-20T02:20:28.244Z [INFO]: Mapped {/api/users, POST} route
2024-11-20T02:20:28.244Z [INFO]: Mapped {/api/users, PATCH} route
2024-11-20T02:20:28.398Z [INFO]: Nest application successfully started
2024-11-20T06:24:52.491Z [INFO]: Starting Nest application...
2024-11-20T06:24:52.537Z [INFO]: AppModule dependencies initialized
2024-11-20T06:24:52.542Z [INFO]: PrismaModule dependencies initialized
2024-11-20T06:24:52.547Z [INFO]: JwtModule dependencies initialized
2024-11-20T06:24:52.549Z [INFO]: ConfigHostModule dependencies initialized
2024-11-20T06:24:52.551Z [INFO]: ConsumptionModule dependencies initialized
2024-11-20T06:24:52.552Z [INFO]: LogsModule dependencies initialized
2024-11-20T06:24:52.552Z [INFO]: StatisticsModule dependencies initialized
2024-11-20T06:24:52.553Z [INFO]: UserModule dependencies initialized
2024-11-20T06:24:52.553Z [INFO]: ConfigModule dependencies initialized
2024-11-20T06:24:52.553Z [INFO]: ConfigModule dependencies initialized
2024-11-20T06:24:52.555Z [INFO]: JwtModule dependencies initialized
2024-11-20T06:24:52.555Z [INFO]: FoodModule dependencies initialized
2024-11-20T06:24:52.556Z [INFO]: AuthModule dependencies initialized
2024-11-20T06:24:52.590Z [INFO]: AuthController {/api/auth}:
2024-11-20T06:24:52.592Z [INFO]: Mapped {/api/auth/register, POST} route
2024-11-20T06:24:52.592Z [INFO]: Mapped {/api/auth/login, POST} route
2024-11-20T06:24:52.593Z [INFO]: Mapped {/api/auth/refresh, POST} route
2024-11-20T06:24:52.593Z [INFO]: ConsumptionController {/api/consumptions}:
2024-11-20T06:24:52.594Z [INFO]: Mapped {/api/consumptions, GET} route
2024-11-20T06:24:52.594Z [INFO]: Mapped {/api/consumptions/:id, GET} route
2024-11-20T06:24:52.595Z [INFO]: Mapped {/api/consumptions, POST} route
2024-11-20T06:24:52.596Z [INFO]: Mapped {/api/consumptions/:id, PATCH} route
2024-11-20T06:24:52.596Z [INFO]: Mapped {/api/consumptions/:id, DELETE} route
2024-11-20T06:24:52.597Z [INFO]: FoodController {/api/foods}:
2024-11-20T06:24:52.597Z [INFO]: Mapped {/api/foods, GET} route
2024-11-20T06:24:52.598Z [INFO]: Mapped {/api/foods/:id, GET} route
2024-11-20T06:24:52.599Z [INFO]: Mapped {/api/foods, POST} route
2024-11-20T06:24:52.599Z [INFO]: Mapped {/api/foods/:id, PATCH} route
2024-11-20T06:24:52.600Z [INFO]: Mapped {/api/foods/:id, DELETE} route
2024-11-20T06:24:52.600Z [INFO]: LogsController {/api/logs}:
2024-11-20T06:24:52.601Z [INFO]: Mapped {/api/logs, POST} route
2024-11-20T06:24:52.601Z [INFO]: StatisticsController {/api/statistics}:
2024-11-20T06:24:52.601Z [INFO]: Mapped {/api/statistics, GET} route
2024-11-20T06:24:52.602Z [INFO]: UsersController {/api/users}:
2024-11-20T06:24:52.602Z [INFO]: Mapped {/api/users/info, GET} route
2024-11-20T06:24:52.603Z [INFO]: Mapped {/api/users, POST} route
2024-11-20T06:24:52.603Z [INFO]: Mapped {/api/users, PATCH} route
2024-11-20T06:24:52.860Z [INFO]: Nest application successfully started
2024-11-20T06:25:04.350Z [INFO]: Starting Nest application...
2024-11-20T06:25:04.384Z [INFO]: AppModule dependencies initialized
2024-11-20T06:25:04.387Z [INFO]: PrismaModule dependencies initialized
2024-11-20T06:25:04.393Z [INFO]: JwtModule dependencies initialized
2024-11-20T06:25:04.395Z [INFO]: ConfigHostModule dependencies initialized
2024-11-20T06:25:04.398Z [INFO]: ConsumptionModule dependencies initialized
2024-11-20T06:25:04.398Z [INFO]: LogsModule dependencies initialized
2024-11-20T06:25:04.399Z [INFO]: StatisticsModule dependencies initialized
2024-11-20T06:25:04.400Z [INFO]: UserModule dependencies initialized
2024-11-20T06:25:04.400Z [INFO]: ConfigModule dependencies initialized
2024-11-20T06:25:04.401Z [INFO]: ConfigModule dependencies initialized
2024-11-20T06:25:04.403Z [INFO]: JwtModule dependencies initialized
2024-11-20T06:25:04.404Z [INFO]: FoodModule dependencies initialized
2024-11-20T06:25:04.405Z [INFO]: AuthModule dependencies initialized
2024-11-20T06:25:04.437Z [INFO]: AuthController {/api/auth}:
2024-11-20T06:25:04.439Z [INFO]: Mapped {/api/auth/register, POST} route
2024-11-20T06:25:04.440Z [INFO]: Mapped {/api/auth/login, POST} route
2024-11-20T06:25:04.440Z [INFO]: Mapped {/api/auth/refresh, POST} route
2024-11-20T06:25:04.441Z [INFO]: ConsumptionController {/api/consumptions}:
2024-11-20T06:25:04.441Z [INFO]: Mapped {/api/consumptions, GET} route
2024-11-20T06:25:04.442Z [INFO]: Mapped {/api/consumptions/:id, GET} route
2024-11-20T06:25:04.443Z [INFO]: Mapped {/api/consumptions, POST} route
2024-11-20T06:25:04.443Z [INFO]: Mapped {/api/consumptions/:id, PATCH} route
2024-11-20T06:25:04.444Z [INFO]: Mapped {/api/consumptions/:id, DELETE} route
2024-11-20T06:25:04.445Z [INFO]: FoodController {/api/foods}:
2024-11-20T06:25:04.446Z [INFO]: Mapped {/api/foods, GET} route
2024-11-20T06:25:04.446Z [INFO]: Mapped {/api/foods/:id, GET} route
2024-11-20T06:25:04.447Z [INFO]: Mapped {/api/foods, POST} route
2024-11-20T06:25:04.448Z [INFO]: Mapped {/api/foods/:id, PATCH} route
2024-11-20T06:25:04.448Z [INFO]: Mapped {/api/foods/:id, DELETE} route
2024-11-20T06:25:04.448Z [INFO]: LogsController {/api/logs}:
2024-11-20T06:25:04.449Z [INFO]: Mapped {/api/logs, POST} route
2024-11-20T06:25:04.450Z [INFO]: StatisticsController {/api/statistics}:
2024-11-20T06:25:04.450Z [INFO]: Mapped {/api/statistics, GET} route
2024-11-20T06:25:04.450Z [INFO]: UsersController {/api/users}:
2024-11-20T06:25:04.451Z [INFO]: Mapped {/api/users/info, GET} route
2024-11-20T06:25:04.451Z [INFO]: Mapped {/api/users, POST} route
2024-11-20T06:25:04.452Z [INFO]: Mapped {/api/users, PATCH} route
2024-11-20T06:25:04.612Z [INFO]: Nest application successfully started
2024-11-20T14:39:53.689Z [INFO]: Starting Nest application...
2024-11-20T14:39:53.717Z [INFO]: AppModule dependencies initialized
2024-11-20T14:39:53.721Z [INFO]: PrismaModule dependencies initialized
2024-11-20T14:39:53.732Z [INFO]: JwtModule dependencies initialized
2024-11-20T14:39:53.733Z [INFO]: ConfigHostModule dependencies initialized
2024-11-20T14:39:53.738Z [INFO]: ConsumptionModule dependencies initialized
2024-11-20T14:39:53.738Z [INFO]: LogsModule dependencies initialized
2024-11-20T14:39:53.739Z [INFO]: StatisticsModule dependencies initialized
2024-11-20T14:39:53.739Z [INFO]: UserModule dependencies initialized
2024-11-20T14:39:53.743Z [INFO]: ConfigModule dependencies initialized
2024-11-20T14:39:53.743Z [INFO]: ConfigModule dependencies initialized
2024-11-20T14:39:53.745Z [INFO]: JwtModule dependencies initialized
2024-11-20T14:39:53.746Z [INFO]: FoodModule dependencies initialized
2024-11-20T14:39:53.747Z [INFO]: AuthModule dependencies initialized
2024-11-20T14:39:53.773Z [INFO]: AuthController {/api/auth}:
2024-11-20T14:39:53.787Z [INFO]: Mapped {/api/auth/register, POST} route
2024-11-20T14:39:53.788Z [INFO]: Mapped {/api/auth/login, POST} route
2024-11-20T14:39:53.789Z [INFO]: Mapped {/api/auth/refresh, POST} route
2024-11-20T14:39:53.791Z [INFO]: ConsumptionController {/api/consumptions}:
2024-11-20T14:39:53.793Z [INFO]: Mapped {/api/consumptions, GET} route
2024-11-20T14:39:53.793Z [INFO]: Mapped {/api/consumptions/:id, GET} route
2024-11-20T14:39:53.794Z [INFO]: Mapped {/api/consumptions, POST} route
2024-11-20T14:39:53.795Z [INFO]: Mapped {/api/consumptions/:id, PATCH} route
2024-11-20T14:39:53.795Z [INFO]: Mapped {/api/consumptions/:id, DELETE} route
2024-11-20T14:39:53.796Z [INFO]: FoodController {/api/foods}:
2024-11-20T14:39:53.797Z [INFO]: Mapped {/api/foods, GET} route
2024-11-20T14:39:53.797Z [INFO]: Mapped {/api/foods/:id, GET} route
2024-11-20T14:39:53.798Z [INFO]: Mapped {/api/foods, POST} route
2024-11-20T14:39:53.798Z [INFO]: Mapped {/api/foods/:id, PATCH} route
2024-11-20T14:39:53.799Z [INFO]: Mapped {/api/foods/:id, DELETE} route
2024-11-20T14:39:53.799Z [INFO]: LogsController {/api/logs}:
2024-11-20T14:39:53.800Z [INFO]: Mapped {/api/logs, POST} route
2024-11-20T14:39:53.800Z [INFO]: StatisticsController {/api/statistics}:
2024-11-20T14:39:53.801Z [INFO]: Mapped {/api/statistics, GET} route
2024-11-20T14:39:53.801Z [INFO]: UsersController {/api/users}:
2024-11-20T14:39:53.802Z [INFO]: Mapped {/api/users/info, GET} route
2024-11-20T14:39:53.802Z [INFO]: Mapped {/api/users, POST} route
2024-11-20T14:39:53.803Z [INFO]: Mapped {/api/users, PATCH} route
2024-11-20T14:39:53.968Z [INFO]: Nest application successfully started
2024-11-20T14:40:03.576Z [INFO]: Starting Nest application...
2024-11-20T14:40:03.610Z [INFO]: AppModule dependencies initialized
2024-11-20T14:40:03.613Z [INFO]: PrismaModule dependencies initialized
2024-11-20T14:40:03.618Z [INFO]: JwtModule dependencies initialized
2024-11-20T14:40:03.620Z [INFO]: ConfigHostModule dependencies initialized
2024-11-20T14:40:03.622Z [INFO]: ConsumptionModule dependencies initialized
2024-11-20T14:40:03.623Z [INFO]: LogsModule dependencies initialized
2024-11-20T14:40:03.623Z [INFO]: StatisticsModule dependencies initialized
2024-11-20T14:40:03.624Z [INFO]: UserModule dependencies initialized
2024-11-20T14:40:03.624Z [INFO]: ConfigModule dependencies initialized
2024-11-20T14:40:03.625Z [INFO]: ConfigModule dependencies initialized
2024-11-20T14:40:03.626Z [INFO]: JwtModule dependencies initialized
2024-11-20T14:40:03.627Z [INFO]: FoodModule dependencies initialized
2024-11-20T14:40:03.628Z [INFO]: AuthModule dependencies initialized
2024-11-20T14:40:03.657Z [INFO]: AuthController {/api/auth}:
2024-11-20T14:40:03.659Z [INFO]: Mapped {/api/auth/register, POST} route
2024-11-20T14:40:03.660Z [INFO]: Mapped {/api/auth/login, POST} route
2024-11-20T14:40:03.661Z [INFO]: Mapped {/api/auth/refresh, POST} route
2024-11-20T14:40:03.661Z [INFO]: ConsumptionController {/api/consumptions}:
2024-11-20T14:40:03.661Z [INFO]: Mapped {/api/consumptions, GET} route
2024-11-20T14:40:03.662Z [INFO]: Mapped {/api/consumptions/:id, GET} route
2024-11-20T14:40:03.662Z [INFO]: Mapped {/api/consumptions, POST} route
2024-11-20T14:40:03.663Z [INFO]: Mapped {/api/consumptions/:id, PATCH} route
2024-11-20T14:40:03.663Z [INFO]: Mapped {/api/consumptions/:id, DELETE} route
2024-11-20T14:40:03.664Z [INFO]: FoodController {/api/foods}:
2024-11-20T14:40:03.664Z [INFO]: Mapped {/api/foods, GET} route
2024-11-20T14:40:03.665Z [INFO]: Mapped {/api/foods/:id, GET} route
2024-11-20T14:40:03.666Z [INFO]: Mapped {/api/foods, POST} route
2024-11-20T14:40:03.666Z [INFO]: Mapped {/api/foods/:id, PATCH} route
2024-11-20T14:40:03.667Z [INFO]: Mapped {/api/foods/:id, DELETE} route
2024-11-20T14:40:03.667Z [INFO]: LogsController {/api/logs}:
2024-11-20T14:40:03.667Z [INFO]: Mapped {/api/logs, POST} route
2024-11-20T14:40:03.668Z [INFO]: StatisticsController {/api/statistics}:
2024-11-20T14:40:03.668Z [INFO]: Mapped {/api/statistics, GET} route
2024-11-20T14:40:03.668Z [INFO]: UsersController {/api/users}:
2024-11-20T14:40:03.668Z [INFO]: Mapped {/api/users/info, GET} route
2024-11-20T14:40:03.669Z [INFO]: Mapped {/api/users, POST} route
2024-11-20T14:40:03.670Z [INFO]: Mapped {/api/users, PATCH} route
2024-11-20T14:40:03.813Z [INFO]: Nest application successfully started
2024-11-20T15:40:24.427Z [INFO]: Starting Nest application...
2024-11-20T15:40:24.457Z [INFO]: AppModule dependencies initialized
2024-11-20T15:40:24.461Z [INFO]: PrismaModule dependencies initialized
2024-11-20T15:40:24.466Z [INFO]: JwtModule dependencies initialized
2024-11-20T15:40:24.468Z [INFO]: ConfigHostModule dependencies initialized
2024-11-20T15:40:24.470Z [INFO]: ConsumptionModule dependencies initialized
2024-11-20T15:40:24.470Z [INFO]: LogsModule dependencies initialized
2024-11-20T15:40:24.470Z [INFO]: StatisticsModule dependencies initialized
2024-11-20T15:40:24.471Z [INFO]: UserModule dependencies initialized
2024-11-20T15:40:24.472Z [INFO]: ConfigModule dependencies initialized
2024-11-20T15:40:24.472Z [INFO]: ConfigModule dependencies initialized
2024-11-20T15:40:24.477Z [INFO]: JwtModule dependencies initialized
2024-11-20T15:40:24.478Z [INFO]: FoodModule dependencies initialized
2024-11-20T15:40:24.479Z [INFO]: AuthModule dependencies initialized
2024-11-20T15:40:24.506Z [INFO]: AuthController {/api/auth}:
2024-11-20T15:40:24.508Z [INFO]: Mapped {/api/auth/register, POST} route
2024-11-20T15:40:24.509Z [INFO]: Mapped {/api/auth/login, POST} route
2024-11-20T15:40:24.509Z [INFO]: Mapped {/api/auth/refresh, POST} route
2024-11-20T15:40:24.510Z [INFO]: ConsumptionController {/api/consumptions}:
2024-11-20T15:40:24.510Z [INFO]: Mapped {/api/consumptions, GET} route
2024-11-20T15:40:24.510Z [INFO]: Mapped {/api/consumptions/:id, GET} route
2024-11-20T15:40:24.511Z [INFO]: Mapped {/api/consumptions, POST} route
2024-11-20T15:40:24.512Z [INFO]: Mapped {/api/consumptions/:id, PATCH} route
2024-11-20T15:40:24.512Z [INFO]: Mapped {/api/consumptions/:id, DELETE} route
2024-11-20T15:40:24.513Z [INFO]: FoodController {/api/foods}:
2024-11-20T15:40:24.513Z [INFO]: Mapped {/api/foods, GET} route
2024-11-20T15:40:24.514Z [INFO]: Mapped {/api/foods/:id, GET} route
2024-11-20T15:40:24.514Z [INFO]: Mapped {/api/foods, POST} route
2024-11-20T15:40:24.515Z [INFO]: Mapped {/api/foods/:id, PATCH} route
2024-11-20T15:40:24.515Z [INFO]: Mapped {/api/foods/:id, DELETE} route
2024-11-20T15:40:24.516Z [INFO]: LogsController {/api/logs}:
2024-11-20T15:40:24.516Z [INFO]: Mapped {/api/logs, POST} route
2024-11-20T15:40:24.517Z [INFO]: StatisticsController {/api/statistics}:
2024-11-20T15:40:24.517Z [INFO]: Mapped {/api/statistics, GET} route
2024-11-20T15:40:24.518Z [INFO]: UsersController {/api/users}:
2024-11-20T15:40:24.518Z [INFO]: Mapped {/api/users/info, GET} route
2024-11-20T15:40:24.519Z [INFO]: Mapped {/api/users, POST} route
2024-11-20T15:40:24.519Z [INFO]: Mapped {/api/users, PATCH} route
2024-11-20T15:40:24.785Z [INFO]: Nest application successfully started
2024-11-20T15:40:33.839Z [INFO]: Starting Nest application...
2024-11-20T15:40:33.870Z [INFO]: AppModule dependencies initialized
2024-11-20T15:40:33.873Z [INFO]: PrismaModule dependencies initialized
2024-11-20T15:40:33.877Z [INFO]: JwtModule dependencies initialized
2024-11-20T15:40:33.879Z [INFO]: ConfigHostModule dependencies initialized
2024-11-20T15:40:33.881Z [INFO]: ConsumptionModule dependencies initialized
2024-11-20T15:40:33.881Z [INFO]: LogsModule dependencies initialized
2024-11-20T15:40:33.882Z [INFO]: StatisticsModule dependencies initialized
2024-11-20T15:40:33.882Z [INFO]: UserModule dependencies initialized
2024-11-20T15:40:33.882Z [INFO]: ConfigModule dependencies initialized
2024-11-20T15:40:33.883Z [INFO]: ConfigModule dependencies initialized
2024-11-20T15:40:33.884Z [INFO]: JwtModule dependencies initialized
2024-11-20T15:40:33.885Z [INFO]: FoodModule dependencies initialized
2024-11-20T15:40:33.885Z [INFO]: AuthModule dependencies initialized
2024-11-20T15:40:33.909Z [INFO]: AuthController {/api/auth}:
2024-11-20T15:40:33.910Z [INFO]: Mapped {/api/auth/register, POST} route
2024-11-20T15:40:33.911Z [INFO]: Mapped {/api/auth/login, POST} route
2024-11-20T15:40:33.912Z [INFO]: Mapped {/api/auth/refresh, POST} route
2024-11-20T15:40:33.912Z [INFO]: ConsumptionController {/api/consumptions}:
2024-11-20T15:40:33.913Z [INFO]: Mapped {/api/consumptions, GET} route
2024-11-20T15:40:33.913Z [INFO]: Mapped {/api/consumptions/:id, GET} route
2024-11-20T15:40:33.913Z [INFO]: Mapped {/api/consumptions, POST} route
2024-11-20T15:40:33.914Z [INFO]: Mapped {/api/consumptions/:id, PATCH} route
2024-11-20T15:40:33.914Z [INFO]: Mapped {/api/consumptions/:id, DELETE} route
2024-11-20T15:40:33.914Z [INFO]: FoodController {/api/foods}:
2024-11-20T15:40:33.915Z [INFO]: Mapped {/api/foods, GET} route
2024-11-20T15:40:33.915Z [INFO]: Mapped {/api/foods/:id, GET} route
2024-11-20T15:40:33.916Z [INFO]: Mapped {/api/foods, POST} route
2024-11-20T15:40:33.916Z [INFO]: Mapped {/api/foods/:id, PATCH} route
2024-11-20T15:40:33.916Z [INFO]: Mapped {/api/foods/:id, DELETE} route
2024-11-20T15:40:33.916Z [INFO]: LogsController {/api/logs}:
2024-11-20T15:40:33.917Z [INFO]: Mapped {/api/logs, POST} route
2024-11-20T15:40:33.917Z [INFO]: StatisticsController {/api/statistics}:
2024-11-20T15:40:33.917Z [INFO]: Mapped {/api/statistics, GET} route
2024-11-20T15:40:33.917Z [INFO]: UsersController {/api/users}:
2024-11-20T15:40:33.918Z [INFO]: Mapped {/api/users/info, GET} route
2024-11-20T15:40:33.918Z [INFO]: Mapped {/api/users, POST} route
2024-11-20T15:40:33.918Z [INFO]: Mapped {/api/users, PATCH} route
2024-11-20T15:40:34.188Z [INFO]: Nest application successfully started
2024-11-20T15:42:59.019Z [INFO]: Starting Nest application...
2024-11-20T15:42:59.050Z [INFO]: AppModule dependencies initialized
2024-11-20T15:42:59.054Z [INFO]: PrismaModule dependencies initialized
2024-11-20T15:42:59.059Z [INFO]: JwtModule dependencies initialized
2024-11-20T15:42:59.061Z [INFO]: ConfigHostModule dependencies initialized
2024-11-20T15:42:59.062Z [INFO]: ConsumptionModule dependencies initialized
2024-11-20T15:42:59.063Z [INFO]: LogsModule dependencies initialized
2024-11-20T15:42:59.063Z [INFO]: StatisticsModule dependencies initialized
2024-11-20T15:42:59.064Z [INFO]: UserModule dependencies initialized
2024-11-20T15:42:59.064Z [INFO]: ConfigModule dependencies initialized
2024-11-20T15:42:59.065Z [INFO]: ConfigModule dependencies initialized
2024-11-20T15:42:59.066Z [INFO]: JwtModule dependencies initialized
2024-11-20T15:42:59.067Z [INFO]: FoodModule dependencies initialized
2024-11-20T15:42:59.067Z [INFO]: AuthModule dependencies initialized
2024-11-20T15:42:59.095Z [INFO]: AuthController {/api/auth}:
2024-11-20T15:42:59.098Z [INFO]: Mapped {/api/auth/register, POST} route
2024-11-20T15:42:59.099Z [INFO]: Mapped {/api/auth/login, POST} route
2024-11-20T15:42:59.099Z [INFO]: Mapped {/api/auth/refresh, POST} route
2024-11-20T15:42:59.099Z [INFO]: ConsumptionController {/api/consumptions}:
2024-11-20T15:42:59.100Z [INFO]: Mapped {/api/consumptions, GET} route
2024-11-20T15:42:59.100Z [INFO]: Mapped {/api/consumptions/:id, GET} route
2024-11-20T15:42:59.101Z [INFO]: Mapped {/api/consumptions, POST} route
2024-11-20T15:42:59.101Z [INFO]: Mapped {/api/consumptions/:id, PATCH} route
2024-11-20T15:42:59.102Z [INFO]: Mapped {/api/consumptions/:id, DELETE} route
2024-11-20T15:42:59.102Z [INFO]: FoodController {/api/foods}:
2024-11-20T15:42:59.103Z [INFO]: Mapped {/api/foods, GET} route
2024-11-20T15:42:59.104Z [INFO]: Mapped {/api/foods/:id, GET} route
2024-11-20T15:42:59.104Z [INFO]: Mapped {/api/foods, POST} route
2024-11-20T15:42:59.104Z [INFO]: Mapped {/api/foods/:id, PATCH} route
2024-11-20T15:42:59.105Z [INFO]: Mapped {/api/foods/:id, DELETE} route
2024-11-20T15:42:59.105Z [INFO]: LogsController {/api/logs}:
2024-11-20T15:42:59.105Z [INFO]: Mapped {/api/logs, POST} route
2024-11-20T15:42:59.106Z [INFO]: StatisticsController {/api/statistics}:
2024-11-20T15:42:59.106Z [INFO]: Mapped {/api/statistics, GET} route
2024-11-20T15:42:59.106Z [INFO]: UsersController {/api/users}:
2024-11-20T15:42:59.106Z [INFO]: Mapped {/api/users/info, GET} route
2024-11-20T15:42:59.107Z [INFO]: Mapped {/api/users, POST} route
2024-11-20T15:42:59.107Z [INFO]: Mapped {/api/users, PATCH} route
2024-11-20T15:42:59.244Z [INFO]: Nest application successfully started
2024-11-20T15:43:16.153Z [INFO]: Starting Nest application...
2024-11-20T15:43:16.186Z [INFO]: AppModule dependencies initialized
2024-11-20T15:43:16.193Z [INFO]: PrismaModule dependencies initialized
2024-11-20T15:43:16.197Z [INFO]: JwtModule dependencies initialized
2024-11-20T15:43:16.199Z [INFO]: ConfigHostModule dependencies initialized
2024-11-20T15:43:16.201Z [INFO]: ConsumptionModule dependencies initialized
2024-11-20T15:43:16.201Z [INFO]: LogsModule dependencies initialized
2024-11-20T15:43:16.202Z [INFO]: StatisticsModule dependencies initialized
2024-11-20T15:43:16.202Z [INFO]: UserModule dependencies initialized
2024-11-20T15:43:16.203Z [INFO]: ConfigModule dependencies initialized
2024-11-20T15:43:16.203Z [INFO]: ConfigModule dependencies initialized
2024-11-20T15:43:16.205Z [INFO]: JwtModule dependencies initialized
2024-11-20T15:43:16.205Z [INFO]: FoodModule dependencies initialized
2024-11-20T15:43:16.206Z [INFO]: AuthModule dependencies initialized
2024-11-20T15:43:16.231Z [INFO]: AuthController {/api/auth}:
2024-11-20T15:43:16.233Z [INFO]: Mapped {/api/auth/register, POST} route
2024-11-20T15:43:16.234Z [INFO]: Mapped {/api/auth/login, POST} route
2024-11-20T15:43:16.234Z [INFO]: Mapped {/api/auth/refresh, POST} route
2024-11-20T15:43:16.235Z [INFO]: ConsumptionController {/api/consumptions}:
2024-11-20T15:43:16.235Z [INFO]: Mapped {/api/consumptions, GET} route
2024-11-20T15:43:16.236Z [INFO]: Mapped {/api/consumptions/:id, GET} route
2024-11-20T15:43:16.236Z [INFO]: Mapped {/api/consumptions, POST} route
2024-11-20T15:43:16.237Z [INFO]: Mapped {/api/consumptions/:id, PATCH} route
2024-11-20T15:43:16.237Z [INFO]: Mapped {/api/consumptions/:id, DELETE} route
2024-11-20T15:43:16.238Z [INFO]: FoodController {/api/foods}:
2024-11-20T15:43:16.238Z [INFO]: Mapped {/api/foods, GET} route
2024-11-20T15:43:16.239Z [INFO]: Mapped {/api/foods/:id, GET} route
2024-11-20T15:43:16.240Z [INFO]: Mapped {/api/foods, POST} route
2024-11-20T15:43:16.240Z [INFO]: Mapped {/api/foods/:id, PATCH} route
2024-11-20T15:43:16.240Z [INFO]: Mapped {/api/foods/:id, DELETE} route
2024-11-20T15:43:16.240Z [INFO]: LogsController {/api/logs}:
2024-11-20T15:43:16.241Z [INFO]: Mapped {/api/logs, POST} route
2024-11-20T15:43:16.241Z [INFO]: StatisticsController {/api/statistics}:
2024-11-20T15:43:16.241Z [INFO]: Mapped {/api/statistics, GET} route
2024-11-20T15:43:16.241Z [INFO]: UsersController {/api/users}:
2024-11-20T15:43:16.242Z [INFO]: Mapped {/api/users/info, GET} route
2024-11-20T15:43:16.242Z [INFO]: Mapped {/api/users, POST} route
2024-11-20T15:43:16.243Z [INFO]: Mapped {/api/users, PATCH} route
2024-11-20T15:43:16.506Z [INFO]: Nest application successfully started
2024-11-20T16:41:23.573Z [INFO]: Starting Nest application...
2024-11-20T16:41:23.599Z [INFO]: AppModule dependencies initialized
2024-11-20T16:41:23.603Z [INFO]: PrismaModule dependencies initialized
2024-11-20T16:41:23.607Z [INFO]: JwtModule dependencies initialized
2024-11-20T16:41:23.609Z [INFO]: ConfigHostModule dependencies initialized
2024-11-20T16:41:23.610Z [INFO]: ConsumptionModule dependencies initialized
2024-11-20T16:41:23.611Z [INFO]: LogsModule dependencies initialized
2024-11-20T16:41:23.611Z [INFO]: StatisticsModule dependencies initialized
2024-11-20T16:41:23.612Z [INFO]: UserModule dependencies initialized
2024-11-20T16:41:23.612Z [INFO]: ConfigModule dependencies initialized
2024-11-20T16:41:23.612Z [INFO]: ConfigModule dependencies initialized
2024-11-20T16:41:23.614Z [INFO]: JwtModule dependencies initialized
2024-11-20T16:41:23.614Z [INFO]: FoodModule dependencies initialized
2024-11-20T16:41:23.615Z [INFO]: AuthModule dependencies initialized
2024-11-20T16:41:23.642Z [INFO]: AuthController {/api/auth}:
2024-11-20T16:41:23.643Z [INFO]: Mapped {/api/auth/register, POST} route
2024-11-20T16:41:23.644Z [INFO]: Mapped {/api/auth/login, POST} route
2024-11-20T16:41:23.644Z [INFO]: Mapped {/api/auth/refresh, POST} route
2024-11-20T16:41:23.645Z [INFO]: ConsumptionController {/api/consumptions}:
2024-11-20T16:41:23.645Z [INFO]: Mapped {/api/consumptions, GET} route
2024-11-20T16:41:23.646Z [INFO]: Mapped {/api/consumptions/:id, GET} route
2024-11-20T16:41:23.646Z [INFO]: Mapped {/api/consumptions, POST} route
2024-11-20T16:41:23.646Z [INFO]: Mapped {/api/consumptions/:id, PATCH} route
2024-11-20T16:41:23.647Z [INFO]: Mapped {/api/consumptions/:id, DELETE} route
2024-11-20T16:41:23.647Z [INFO]: FoodController {/api/foods}:
2024-11-20T16:41:23.647Z [INFO]: Mapped {/api/foods, GET} route
2024-11-20T16:41:23.648Z [INFO]: Mapped {/api/foods/:id, GET} route
2024-11-20T16:41:23.648Z [INFO]: Mapped {/api/foods, POST} route
2024-11-20T16:41:23.649Z [INFO]: Mapped {/api/foods/:id, PATCH} route
2024-11-20T16:41:23.649Z [INFO]: Mapped {/api/foods/:id, DELETE} route
2024-11-20T16:41:23.650Z [INFO]: LogsController {/api/logs}:
2024-11-20T16:41:23.650Z [INFO]: Mapped {/api/logs, POST} route
2024-11-20T16:41:23.651Z [INFO]: StatisticsController {/api/statistics}:
2024-11-20T16:41:23.651Z [INFO]: Mapped {/api/statistics, GET} route
2024-11-20T16:41:23.652Z [INFO]: UsersController {/api/users}:
2024-11-20T16:41:23.652Z [INFO]: Mapped {/api/users/info, GET} route
2024-11-20T16:41:23.653Z [INFO]: Mapped {/api/users, POST} route
2024-11-20T16:41:23.653Z [INFO]: Mapped {/api/users, PATCH} route
2024-11-20T16:41:23.814Z [INFO]: Nest application successfully started
2024-11-20T16:41:32.460Z [INFO]: Starting Nest application...
2024-11-20T16:41:32.489Z [INFO]: AppModule dependencies initialized
2024-11-20T16:41:32.492Z [INFO]: PrismaModule dependencies initialized
2024-11-20T16:41:32.497Z [INFO]: JwtModule dependencies initialized
2024-11-20T16:41:32.499Z [INFO]: ConfigHostModule dependencies initialized
2024-11-20T16:41:32.500Z [INFO]: ConsumptionModule dependencies initialized
2024-11-20T16:41:32.501Z [INFO]: LogsModule dependencies initialized
2024-11-20T16:41:32.501Z [INFO]: StatisticsModule dependencies initialized
2024-11-20T16:41:32.502Z [INFO]: UserModule dependencies initialized
2024-11-20T16:41:32.502Z [INFO]: ConfigModule dependencies initialized
2024-11-20T16:41:32.502Z [INFO]: ConfigModule dependencies initialized
2024-11-20T16:41:32.504Z [INFO]: JwtModule dependencies initialized
2024-11-20T16:41:32.504Z [INFO]: FoodModule dependencies initialized
2024-11-20T16:41:32.505Z [INFO]: AuthModule dependencies initialized
2024-11-20T16:41:32.529Z [INFO]: AuthController {/api/auth}:
2024-11-20T16:41:32.531Z [INFO]: Mapped {/api/auth/register, POST} route
2024-11-20T16:41:32.532Z [INFO]: Mapped {/api/auth/login, POST} route
2024-11-20T16:41:32.532Z [INFO]: Mapped {/api/auth/refresh, POST} route
2024-11-20T16:41:32.533Z [INFO]: ConsumptionController {/api/consumptions}:
2024-11-20T16:41:32.533Z [INFO]: Mapped {/api/consumptions, GET} route
2024-11-20T16:41:32.534Z [INFO]: Mapped {/api/consumptions/:id, GET} route
2024-11-20T16:41:32.534Z [INFO]: Mapped {/api/consumptions, POST} route
2024-11-20T16:41:32.534Z [INFO]: Mapped {/api/consumptions/:id, PATCH} route
2024-11-20T16:41:32.535Z [INFO]: Mapped {/api/consumptions/:id, DELETE} route
2024-11-20T16:41:32.535Z [INFO]: FoodController {/api/foods}:
2024-11-20T16:41:32.536Z [INFO]: Mapped {/api/foods, GET} route
2024-11-20T16:41:32.536Z [INFO]: Mapped {/api/foods/:id, GET} route
2024-11-20T16:41:32.536Z [INFO]: Mapped {/api/foods, POST} route
2024-11-20T16:41:32.537Z [INFO]: Mapped {/api/foods/:id, PATCH} route
2024-11-20T16:41:32.537Z [INFO]: Mapped {/api/foods/:id, DELETE} route
2024-11-20T16:41:32.537Z [INFO]: LogsController {/api/logs}:
2024-11-20T16:41:32.537Z [INFO]: Mapped {/api/logs, POST} route
2024-11-20T16:41:32.538Z [INFO]: StatisticsController {/api/statistics}:
2024-11-20T16:41:32.538Z [INFO]: Mapped {/api/statistics, GET} route
2024-11-20T16:41:32.538Z [INFO]: UsersController {/api/users}:
2024-11-20T16:41:32.538Z [INFO]: Mapped {/api/users/info, GET} route
2024-11-20T16:41:32.539Z [INFO]: Mapped {/api/users, POST} route
2024-11-20T16:41:32.539Z [INFO]: Mapped {/api/users, PATCH} route
2024-11-20T16:41:32.686Z [INFO]: Nest application successfully started
2024-11-20T17:43:18.848Z [INFO]: Starting Nest application...
2024-11-20T17:43:18.879Z [INFO]: AppModule dependencies initialized
2024-11-20T17:43:18.885Z [INFO]: PrismaModule dependencies initialized
2024-11-20T17:43:18.890Z [INFO]: JwtModule dependencies initialized
2024-11-20T17:43:18.892Z [INFO]: ConfigHostModule dependencies initialized
2024-11-20T17:43:18.894Z [INFO]: ConsumptionModule dependencies initialized
2024-11-20T17:43:18.895Z [INFO]: LogsModule dependencies initialized
2024-11-20T17:43:18.896Z [INFO]: StatisticsModule dependencies initialized
2024-11-20T17:43:18.896Z [INFO]: UserModule dependencies initialized
2024-11-20T17:43:18.900Z [INFO]: ConfigModule dependencies initialized
2024-11-20T17:43:18.900Z [INFO]: ConfigModule dependencies initialized
2024-11-20T17:43:18.904Z [INFO]: JwtModule dependencies initialized
2024-11-20T17:43:18.909Z [INFO]: FoodModule dependencies initialized
2024-11-20T17:43:18.913Z [INFO]: AuthModule dependencies initialized
2024-11-20T17:43:18.941Z [INFO]: AuthController {/api/auth}:
2024-11-20T17:43:18.943Z [INFO]: Mapped {/api/auth/register, POST} route
2024-11-20T17:43:18.943Z [INFO]: Mapped {/api/auth/login, POST} route
2024-11-20T17:43:18.944Z [INFO]: Mapped {/api/auth/refresh, POST} route
2024-11-20T17:43:18.944Z [INFO]: ConsumptionController {/api/consumptions}:
2024-11-20T17:43:18.945Z [INFO]: Mapped {/api/consumptions, GET} route
2024-11-20T17:43:18.945Z [INFO]: Mapped {/api/consumptions/:id, GET} route
2024-11-20T17:43:18.946Z [INFO]: Mapped {/api/consumptions, POST} route
2024-11-20T17:43:18.946Z [INFO]: Mapped {/api/consumptions/:id, PATCH} route
2024-11-20T17:43:18.946Z [INFO]: Mapped {/api/consumptions/:id, DELETE} route
2024-11-20T17:43:18.947Z [INFO]: FoodController {/api/foods}:
2024-11-20T17:43:18.948Z [INFO]: Mapped {/api/foods, GET} route
2024-11-20T17:43:18.948Z [INFO]: Mapped {/api/foods/:id, GET} route
2024-11-20T17:43:18.948Z [INFO]: Mapped {/api/foods, POST} route
2024-11-20T17:43:18.949Z [INFO]: Mapped {/api/foods/:id, PATCH} route
2024-11-20T17:43:18.949Z [INFO]: Mapped {/api/foods/:id, DELETE} route
2024-11-20T17:43:18.949Z [INFO]: LogsController {/api/logs}:
2024-11-20T17:43:18.950Z [INFO]: Mapped {/api/logs, POST} route
2024-11-20T17:43:18.950Z [INFO]: StatisticsController {/api/statistics}:
2024-11-20T17:43:18.950Z [INFO]: Mapped {/api/statistics, GET} route
2024-11-20T17:43:18.951Z [INFO]: UsersController {/api/users}:
2024-11-20T17:43:18.951Z [INFO]: Mapped {/api/users/info, GET} route
2024-11-20T17:43:18.951Z [INFO]: Mapped {/api/users, POST} route
2024-11-20T17:43:18.952Z [INFO]: Mapped {/api/users, PATCH} route
2024-11-20T17:43:19.083Z [INFO]: Nest application successfully started
2024-11-20T17:43:42.511Z [INFO]: Starting Nest application...
2024-11-20T17:43:42.546Z [INFO]: AppModule dependencies initialized
2024-11-20T17:43:42.549Z [INFO]: PrismaModule dependencies initialized
2024-11-20T17:43:42.560Z [INFO]: JwtModule dependencies initialized
2024-11-20T17:43:42.561Z [INFO]: ConfigHostModule dependencies initialized
2024-11-20T17:43:42.563Z [INFO]: ConsumptionModule dependencies initialized
2024-11-20T17:43:42.564Z [INFO]: LogsModule dependencies initialized
2024-11-20T17:43:42.564Z [INFO]: StatisticsModule dependencies initialized
2024-11-20T17:43:42.566Z [INFO]: UserModule dependencies initialized
2024-11-20T17:43:42.567Z [INFO]: ConfigModule dependencies initialized
2024-11-20T17:43:42.567Z [INFO]: ConfigModule dependencies initialized
2024-11-20T17:43:42.569Z [INFO]: JwtModule dependencies initialized
2024-11-20T17:43:42.570Z [INFO]: FoodModule dependencies initialized
2024-11-20T17:43:42.571Z [INFO]: AuthModule dependencies initialized
2024-11-20T17:43:42.598Z [INFO]: AuthController {/api/auth}:
2024-11-20T17:43:42.600Z [INFO]: Mapped {/api/auth/register, POST} route
2024-11-20T17:43:42.601Z [INFO]: Mapped {/api/auth/login, POST} route
2024-11-20T17:43:42.601Z [INFO]: Mapped {/api/auth/refresh, POST} route
2024-11-20T17:43:42.602Z [INFO]: ConsumptionController {/api/consumptions}:
2024-11-20T17:43:42.603Z [INFO]: Mapped {/api/consumptions, GET} route
2024-11-20T17:43:42.604Z [INFO]: Mapped {/api/consumptions/:id, GET} route
2024-11-20T17:43:42.604Z [INFO]: Mapped {/api/consumptions, POST} route
2024-11-20T17:43:42.605Z [INFO]: Mapped {/api/consumptions/:id, PATCH} route
2024-11-20T17:43:42.606Z [INFO]: Mapped {/api/consumptions/:id, DELETE} route
2024-11-20T17:43:42.606Z [INFO]: FoodController {/api/foods}:
2024-11-20T17:43:42.607Z [INFO]: Mapped {/api/foods, GET} route
2024-11-20T17:43:42.608Z [INFO]: Mapped {/api/foods/:id, GET} route
2024-11-20T17:43:42.609Z [INFO]: Mapped {/api/foods, POST} route
2024-11-20T17:43:42.610Z [INFO]: Mapped {/api/foods/:id, PATCH} route
2024-11-20T17:43:42.611Z [INFO]: Mapped {/api/foods/:id, DELETE} route
2024-11-20T17:43:42.613Z [INFO]: LogsController {/api/logs}:
2024-11-20T17:43:42.615Z [INFO]: Mapped {/api/logs, POST} route
2024-11-20T17:43:42.616Z [INFO]: StatisticsController {/api/statistics}:
2024-11-20T17:43:42.617Z [INFO]: Mapped {/api/statistics, GET} route
2024-11-20T17:43:42.617Z [INFO]: UsersController {/api/users}:
2024-11-20T17:43:42.618Z [INFO]: Mapped {/api/users/info, GET} route
2024-11-20T17:43:42.618Z [INFO]: Mapped {/api/users, POST} route
2024-11-20T17:43:42.619Z [INFO]: Mapped {/api/users, PATCH} route
2024-11-20T17:43:42.835Z [INFO]: Nest application successfully started
2024-11-20T18:45:15.989Z [INFO]: Starting Nest application...
2024-11-20T18:45:16.016Z [INFO]: AppModule dependencies initialized
2024-11-20T18:45:16.023Z [INFO]: PrismaModule dependencies initialized
2024-11-20T18:45:16.028Z [INFO]: JwtModule dependencies initialized
2024-11-20T18:45:16.030Z [INFO]: ConfigHostModule dependencies initialized
2024-11-20T18:45:16.031Z [INFO]: ConsumptionModule dependencies initialized
2024-11-20T18:45:16.040Z [INFO]: LogsModule dependencies initialized
2024-11-20T18:45:16.041Z [INFO]: StatisticsModule dependencies initialized
2024-11-20T18:45:16.044Z [INFO]: UserModule dependencies initialized
2024-11-20T18:45:16.046Z [INFO]: ConfigModule dependencies initialized
2024-11-20T18:45:16.051Z [INFO]: ConfigModule dependencies initialized
2024-11-20T18:45:16.060Z [INFO]: JwtModule dependencies initialized
2024-11-20T18:45:16.060Z [INFO]: FoodModule dependencies initialized
2024-11-20T18:45:16.061Z [INFO]: AuthModule dependencies initialized
2024-11-20T18:45:16.091Z [INFO]: AuthController {/api/auth}:
2024-11-20T18:45:16.093Z [INFO]: Mapped {/api/auth/register, POST} route
2024-11-20T18:45:16.094Z [INFO]: Mapped {/api/auth/login, POST} route
2024-11-20T18:45:16.094Z [INFO]: Mapped {/api/auth/refresh, POST} route
2024-11-20T18:45:16.095Z [INFO]: ConsumptionController {/api/consumptions}:
2024-11-20T18:45:16.095Z [INFO]: Mapped {/api/consumptions, GET} route
2024-11-20T18:45:16.095Z [INFO]: Mapped {/api/consumptions/:id, GET} route
2024-11-20T18:45:16.096Z [INFO]: Mapped {/api/consumptions, POST} route
2024-11-20T18:45:16.096Z [INFO]: Mapped {/api/consumptions/:id, PATCH} route
2024-11-20T18:45:16.097Z [INFO]: Mapped {/api/consumptions/:id, DELETE} route
2024-11-20T18:45:16.097Z [INFO]: FoodController {/api/foods}:
2024-11-20T18:45:16.098Z [INFO]: Mapped {/api/foods, GET} route
2024-11-20T18:45:16.098Z [INFO]: Mapped {/api/foods/:id, GET} route
2024-11-20T18:45:16.099Z [INFO]: Mapped {/api/foods, POST} route
2024-11-20T18:45:16.099Z [INFO]: Mapped {/api/foods/:id, PATCH} route
2024-11-20T18:45:16.100Z [INFO]: Mapped {/api/foods/:id, DELETE} route
2024-11-20T18:45:16.100Z [INFO]: LogsController {/api/logs}:
2024-11-20T18:45:16.100Z [INFO]: Mapped {/api/logs, POST} route
2024-11-20T18:45:16.101Z [INFO]: StatisticsController {/api/statistics}:
2024-11-20T18:45:16.101Z [INFO]: Mapped {/api/statistics, GET} route
2024-11-20T18:45:16.101Z [INFO]: UsersController {/api/users}:
2024-11-20T18:45:16.102Z [INFO]: Mapped {/api/users/info, GET} route
2024-11-20T18:45:16.102Z [INFO]: Mapped {/api/users, POST} route
2024-11-20T18:45:16.103Z [INFO]: Mapped {/api/users, PATCH} route
2024-11-20T18:45:16.368Z [INFO]: Nest application successfully started
2024-11-20T18:45:39.659Z [INFO]: Starting Nest application...
2024-11-20T18:45:39.685Z [INFO]: AppModule dependencies initialized
2024-11-20T18:45:39.689Z [INFO]: PrismaModule dependencies initialized
2024-11-20T18:45:39.694Z [INFO]: JwtModule dependencies initialized
2024-11-20T18:45:39.696Z [INFO]: ConfigHostModule dependencies initialized
2024-11-20T18:45:39.700Z [INFO]: ConsumptionModule dependencies initialized
2024-11-20T18:45:39.701Z [INFO]: LogsModule dependencies initialized
2024-11-20T18:45:39.701Z [INFO]: StatisticsModule dependencies initialized
2024-11-20T18:45:39.702Z [INFO]: UserModule dependencies initialized
2024-11-20T18:45:39.703Z [INFO]: ConfigModule dependencies initialized
2024-11-20T18:45:39.703Z [INFO]: ConfigModule dependencies initialized
2024-11-20T18:45:39.706Z [INFO]: JwtModule dependencies initialized
2024-11-20T18:45:39.706Z [INFO]: FoodModule dependencies initialized
2024-11-20T18:45:39.707Z [INFO]: AuthModule dependencies initialized
2024-11-20T18:45:39.732Z [INFO]: AuthController {/api/auth}:
2024-11-20T18:45:39.738Z [INFO]: Mapped {/api/auth/register, POST} route
2024-11-20T18:45:39.738Z [INFO]: Mapped {/api/auth/login, POST} route
2024-11-20T18:45:39.739Z [INFO]: Mapped {/api/auth/refresh, POST} route
2024-11-20T18:45:39.740Z [INFO]: ConsumptionController {/api/consumptions}:
2024-11-20T18:45:39.740Z [INFO]: Mapped {/api/consumptions, GET} route
2024-11-20T18:45:39.741Z [INFO]: Mapped {/api/consumptions/:id, GET} route
2024-11-20T18:45:39.742Z [INFO]: Mapped {/api/consumptions, POST} route
2024-11-20T18:45:39.742Z [INFO]: Mapped {/api/consumptions/:id, PATCH} route
2024-11-20T18:45:39.743Z [INFO]: Mapped {/api/consumptions/:id, DELETE} route
2024-11-20T18:45:39.743Z [INFO]: FoodController {/api/foods}:
2024-11-20T18:45:39.744Z [INFO]: Mapped {/api/foods, GET} route
2024-11-20T18:45:39.745Z [INFO]: Mapped {/api/foods/:id, GET} route
2024-11-20T18:45:39.746Z [INFO]: Mapped {/api/foods, POST} route
2024-11-20T18:45:39.746Z [INFO]: Mapped {/api/foods/:id, PATCH} route
2024-11-20T18:45:39.747Z [INFO]: Mapped {/api/foods/:id, DELETE} route
2024-11-20T18:45:39.747Z [INFO]: LogsController {/api/logs}:
2024-11-20T18:45:39.748Z [INFO]: Mapped {/api/logs, POST} route
2024-11-20T18:45:39.748Z [INFO]: StatisticsController {/api/statistics}:
2024-11-20T18:45:39.749Z [INFO]: Mapped {/api/statistics, GET} route
2024-11-20T18:45:39.749Z [INFO]: UsersController {/api/users}:
2024-11-20T18:45:39.750Z [INFO]: Mapped {/api/users/info, GET} route
2024-11-20T18:45:39.750Z [INFO]: Mapped {/api/users, POST} route
2024-11-20T18:45:39.751Z [INFO]: Mapped {/api/users, PATCH} route
2024-11-20T18:45:39.890Z [INFO]: Nest application successfully started
2024-11-20T19:45:13.052Z [INFO]: Starting Nest application...
2024-11-20T19:45:13.079Z [INFO]: AppModule dependencies initialized
2024-11-20T19:45:13.082Z [INFO]: PrismaModule dependencies initialized
2024-11-20T19:45:13.087Z [INFO]: JwtModule dependencies initialized
2024-11-20T19:45:13.088Z [INFO]: ConfigHostModule dependencies initialized
2024-11-20T19:45:13.090Z [INFO]: ConsumptionModule dependencies initialized
2024-11-20T19:45:13.090Z [INFO]: LogsModule dependencies initialized
2024-11-20T19:45:13.091Z [INFO]: StatisticsModule dependencies initialized
2024-11-20T19:45:13.091Z [INFO]: UserModule dependencies initialized
2024-11-20T19:45:13.092Z [INFO]: ConfigModule dependencies initialized
2024-11-20T19:45:13.092Z [INFO]: ConfigModule dependencies initialized
2024-11-20T19:45:13.094Z [INFO]: JwtModule dependencies initialized
2024-11-20T19:45:13.097Z [INFO]: FoodModule dependencies initialized
2024-11-20T19:45:13.098Z [INFO]: AuthModule dependencies initialized
2024-11-20T19:45:13.123Z [INFO]: AuthController {/api/auth}:
2024-11-20T19:45:13.125Z [INFO]: Mapped {/api/auth/register, POST} route
2024-11-20T19:45:13.125Z [INFO]: Mapped {/api/auth/login, POST} route
2024-11-20T19:45:13.125Z [INFO]: Mapped {/api/auth/refresh, POST} route
2024-11-20T19:45:13.126Z [INFO]: ConsumptionController {/api/consumptions}:
2024-11-20T19:45:13.126Z [INFO]: Mapped {/api/consumptions, GET} route
2024-11-20T19:45:13.127Z [INFO]: Mapped {/api/consumptions/:id, GET} route
2024-11-20T19:45:13.127Z [INFO]: Mapped {/api/consumptions, POST} route
2024-11-20T19:45:13.127Z [INFO]: Mapped {/api/consumptions/:id, PATCH} route
2024-11-20T19:45:13.128Z [INFO]: Mapped {/api/consumptions/:id, DELETE} route
2024-11-20T19:45:13.128Z [INFO]: FoodController {/api/foods}:
2024-11-20T19:45:13.129Z [INFO]: Mapped {/api/foods, GET} route
2024-11-20T19:45:13.129Z [INFO]: Mapped {/api/foods/:id, GET} route
2024-11-20T19:45:13.129Z [INFO]: Mapped {/api/foods, POST} route
2024-11-20T19:45:13.130Z [INFO]: Mapped {/api/foods/:id, PATCH} route
2024-11-20T19:45:13.130Z [INFO]: Mapped {/api/foods/:id, DELETE} route
2024-11-20T19:45:13.130Z [INFO]: LogsController {/api/logs}:
2024-11-20T19:45:13.130Z [INFO]: Mapped {/api/logs, POST} route
2024-11-20T19:45:13.131Z [INFO]: StatisticsController {/api/statistics}:
2024-11-20T19:45:13.131Z [INFO]: Mapped {/api/statistics, GET} route
2024-11-20T19:45:13.131Z [INFO]: UsersController {/api/users}:
2024-11-20T19:45:13.132Z [INFO]: Mapped {/api/users/info, GET} route
2024-11-20T19:45:13.132Z [INFO]: Mapped {/api/users, POST} route
2024-11-20T19:45:13.132Z [INFO]: Mapped {/api/users, PATCH} route
2024-11-20T19:45:13.275Z [INFO]: Nest application successfully started
2024-11-20T19:45:22.583Z [INFO]: Starting Nest application...
2024-11-20T19:45:22.613Z [INFO]: AppModule dependencies initialized
2024-11-20T19:45:22.616Z [INFO]: PrismaModule dependencies initialized
2024-11-20T19:45:22.621Z [INFO]: JwtModule dependencies initialized
2024-11-20T19:45:22.623Z [INFO]: ConfigHostModule dependencies initialized
2024-11-20T19:45:22.625Z [INFO]: ConsumptionModule dependencies initialized
2024-11-20T19:45:22.625Z [INFO]: LogsModule dependencies initialized
2024-11-20T19:45:22.626Z [INFO]: StatisticsModule dependencies initialized
2024-11-20T19:45:22.626Z [INFO]: UserModule dependencies initialized
2024-11-20T19:45:22.626Z [INFO]: ConfigModule dependencies initialized
2024-11-20T19:45:22.627Z [INFO]: ConfigModule dependencies initialized
2024-11-20T19:45:22.628Z [INFO]: JwtModule dependencies initialized
2024-11-20T19:45:22.629Z [INFO]: FoodModule dependencies initialized
2024-11-20T19:45:22.629Z [INFO]: AuthModule dependencies initialized
2024-11-20T19:45:22.656Z [INFO]: AuthController {/api/auth}:
2024-11-20T19:45:22.658Z [INFO]: Mapped {/api/auth/register, POST} route
2024-11-20T19:45:22.659Z [INFO]: Mapped {/api/auth/login, POST} route
2024-11-20T19:45:22.660Z [INFO]: Mapped {/api/auth/refresh, POST} route
2024-11-20T19:45:22.660Z [INFO]: ConsumptionController {/api/consumptions}:
2024-11-20T19:45:22.661Z [INFO]: Mapped {/api/consumptions, GET} route
2024-11-20T19:45:22.662Z [INFO]: Mapped {/api/consumptions/:id, GET} route
2024-11-20T19:45:22.662Z [INFO]: Mapped {/api/consumptions, POST} route
2024-11-20T19:45:22.663Z [INFO]: Mapped {/api/consumptions/:id, PATCH} route
2024-11-20T19:45:22.663Z [INFO]: Mapped {/api/consumptions/:id, DELETE} route
2024-11-20T19:45:22.663Z [INFO]: FoodController {/api/foods}:
2024-11-20T19:45:22.664Z [INFO]: Mapped {/api/foods, GET} route
2024-11-20T19:45:22.665Z [INFO]: Mapped {/api/foods/:id, GET} route
2024-11-20T19:45:22.665Z [INFO]: Mapped {/api/foods, POST} route
2024-11-20T19:45:22.666Z [INFO]: Mapped {/api/foods/:id, PATCH} route
2024-11-20T19:45:22.666Z [INFO]: Mapped {/api/foods/:id, DELETE} route
2024-11-20T19:45:22.666Z [INFO]: LogsController {/api/logs}:
2024-11-20T19:45:22.666Z [INFO]: Mapped {/api/logs, POST} route
2024-11-20T19:45:22.667Z [INFO]: StatisticsController {/api/statistics}:
2024-11-20T19:45:22.667Z [INFO]: Mapped {/api/statistics, GET} route
2024-11-20T19:45:22.667Z [INFO]: UsersController {/api/users}:
2024-11-20T19:45:22.667Z [INFO]: Mapped {/api/users/info, GET} route
2024-11-20T19:45:22.668Z [INFO]: Mapped {/api/users, POST} route
2024-11-20T19:45:22.668Z [INFO]: Mapped {/api/users, PATCH} route
2024-11-20T19:45:22.863Z [INFO]: Nest application successfully started
